build/app/intermediates/manifest_merge_blame_file/debug/manifest-merger-blame-debug-report.txt
1<?xml version="1.0" encoding="utf-8"?>
2<manifest xmlns:android="http://schemas.android.com/apk/res/android"
3    package="tech.rumman.adhan"
4    android:versionCode="1"
5    android:versionName="1.0.0" >
6
7    <uses-sdk
8        android:minSdkVersion="21"
9        android:targetSdkVersion="29" />
10    <!--
11         Flutter needs it to communicate with the running application
12         to allow setting breakpoints, to provide hot reload, etc.
13    -->
14    <uses-permission android:name="android.permission.INTERNET" />
14-->src\debug\AndroidManifest.xml:6:5-66
14-->src\debug\AndroidManifest.xml:6:22-64
15    <uses-permission android:name="android.permission.ACCESS_COARSE_LOCATION" />
15-->src\main\AndroidManifest.xml:3:5-80
15-->src\main\AndroidManifest.xml:3:22-78
16    <uses-permission android:name="android.permission.ACCESS_FINE_LOCATION" />
16-->src\main\AndroidManifest.xml:4:5-78
16-->src\main\AndroidManifest.xml:4:22-76
17    <uses-permission android:name="android.permission.READ_EXTERNAL_STORAGE" />
17-->src\main\AndroidManifest.xml:5:5-79
17-->src\main\AndroidManifest.xml:5:22-77
18    <uses-permission android:name="android.permission.WAKE_LOCK" />
18-->[:firebase_messaging] AndroidManifest.xml:8:5-68
18-->[:firebase_messaging] AndroidManifest.xml:8:22-65
19    <uses-permission android:name="android.permission.ACCESS_NETWORK_STATE" />
19-->[:firebase_messaging] AndroidManifest.xml:9:5-79
19-->[:firebase_messaging] AndroidManifest.xml:9:22-76
20    <uses-permission android:name="android.permission.FOREGROUND_SERVICE" />
20-->[:geolocator_android] AndroidManifest.xml:7:5-77
20-->[:geolocator_android] AndroidManifest.xml:7:22-74
21    <uses-permission android:name="android.permission.RECEIVE_BOOT_COMPLETED" />
21-->[:flutter_local_notifications] AndroidManifest.xml:7:5-81
21-->[:flutter_local_notifications] AndroidManifest.xml:7:22-78
22    <uses-permission android:name="android.permission.VIBRATE" />
22-->[:flutter_local_notifications] AndroidManifest.xml:8:5-66
22-->[:flutter_local_notifications] AndroidManifest.xml:8:22-63
23    <uses-permission android:name="android.permission.USE_FULL_SCREEN_INTENT" /> <!-- Required by older versions of Google Play services to create IID tokens -->
23-->[:flutter_local_notifications] AndroidManifest.xml:9:5-81
23-->[:flutter_local_notifications] AndroidManifest.xml:9:22-78
24    <uses-permission android:name="com.google.android.c2dm.permission.RECEIVE" />
24-->[com.google.firebase:firebase-messaging:23.0.0] AndroidManifest.xml:25:5-82
24-->[com.google.firebase:firebase-messaging:23.0.0] AndroidManifest.xml:25:22-79
25    <uses-permission android:name="com.google.android.finsky.permission.BIND_GET_INSTALL_REFERRER_SERVICE" /> <!-- Include required permissions for Advertising Id -->
25-->[com.google.android.gms:play-services-measurement:20.0.2] AndroidManifest.xml:26:5-110
25-->[com.google.android.gms:play-services-measurement:20.0.2] AndroidManifest.xml:26:22-107
26    <uses-permission android:name="com.google.android.gms.permission.AD_ID" />
26-->[com.google.android.gms:play-services-ads-identifier:18.0.0] AndroidManifest.xml:23:5-79
26-->[com.google.android.gms:play-services-ads-identifier:18.0.0] AndroidManifest.xml:23:22-76
27
28    <application
28-->src\main\AndroidManifest.xml:6:4-43:19
29        android:appComponentFactory="androidx.core.app.CoreComponentFactory"
29-->[androidx.core:core:1.3.0] AndroidManifest.xml:24:18-86
30        android:debuggable="true"
31        android:icon="@mipmap/ic_launcher"
31-->src\main\AndroidManifest.xml:8:9-43
32        android:label="adhan" >
32-->src\main\AndroidManifest.xml:7:9-30
33        <activity
33-->src\main\AndroidManifest.xml:9:9-37:20
34            android:name="tech.rumman.adhan.MainActivity"
34-->src\main\AndroidManifest.xml:10:13-41
35            android:configChanges="orientation|keyboardHidden|keyboard|screenSize|smallestScreenSize|locale|layoutDirection|fontScale|screenLayout|density|uiMode"
35-->src\main\AndroidManifest.xml:13:13-163
36            android:hardwareAccelerated="true"
36-->src\main\AndroidManifest.xml:14:13-47
37            android:launchMode="singleTop"
37-->src\main\AndroidManifest.xml:11:13-43
38            android:theme="@style/LaunchTheme"
38-->src\main\AndroidManifest.xml:12:13-47
39            android:windowSoftInputMode="adjustResize" >
39-->src\main\AndroidManifest.xml:15:13-55
40
41            <!--
42                 Specifies an Android theme to apply to this Activity as soon as
43                 the Android process has started. This theme is visible to the user
44                 while the Flutter UI initializes. After that, this theme continues
45                 to determine the Window background behind the Flutter UI.
46            -->
47            <meta-data
47-->src\main\AndroidManifest.xml:20:13-23:17
48                android:name="io.flutter.embedding.android.NormalTheme"
48-->src\main\AndroidManifest.xml:21:15-70
49                android:resource="@style/NormalTheme" />
49-->src\main\AndroidManifest.xml:22:15-52
50            <!--
51                 Displays an Android View that continues showing the launch screen
52                 Drawable until Flutter paints its first frame, then this splash
53                 screen fades out. A splash screen is useful to avoid any visual
54                 gap between the end of Android's launch screen and the painting of
55                 Flutter's first frame.
56            -->
57            <meta-data
57-->src\main\AndroidManifest.xml:29:13-32:17
58                android:name="io.flutter.embedding.android.SplashScreenDrawable"
58-->src\main\AndroidManifest.xml:30:15-79
59                android:resource="@drawable/launch_background" />
59-->src\main\AndroidManifest.xml:31:15-61
60
61            <intent-filter>
61-->src\main\AndroidManifest.xml:33:13-36:29
62                <action android:name="android.intent.action.MAIN" />
62-->src\main\AndroidManifest.xml:34:17-68
62-->src\main\AndroidManifest.xml:34:25-66
63
64                <category android:name="android.intent.category.LAUNCHER" />
64-->src\main\AndroidManifest.xml:35:17-76
64-->src\main\AndroidManifest.xml:35:27-74
65            </intent-filter>
66        </activity>
67        <!--
68             Don't delete the meta-data below.
69             This is used by the Flutter tool to generate GeneratedPluginRegistrant.java
70        -->
71        <meta-data
71-->src\main\AndroidManifest.xml:40:9-42:33
72            android:name="flutterEmbedding"
72-->src\main\AndroidManifest.xml:41:13-44
73            android:value="2" />
73-->src\main\AndroidManifest.xml:42:13-30
74
75        <service
75-->[:cloud_firestore] AndroidManifest.xml:8:9-12:19
76            android:name="com.google.firebase.components.ComponentDiscoveryService"
76-->[:cloud_firestore] AndroidManifest.xml:8:18-89
77            android:directBootAware="true"
77-->[com.google.firebase:firebase-common:20.0.0] AndroidManifest.xml:35:13-43
78            android:exported="false" >
78-->[com.google.firebase:firebase-messaging:23.0.0] AndroidManifest.xml:51:13-37
79            <meta-data
79-->[:cloud_firestore] AndroidManifest.xml:9:13-11:85
80                android:name="com.google.firebase.components:io.flutter.plugins.firebase.firestore.FlutterFirebaseFirestoreRegistrar"
80-->[:cloud_firestore] AndroidManifest.xml:10:17-134
81                android:value="com.google.firebase.components.ComponentRegistrar" />
81-->[:cloud_firestore] AndroidManifest.xml:11:17-82
82            <meta-data
82-->[:firebase_auth] AndroidManifest.xml:9:13-11:85
83                android:name="com.google.firebase.components:io.flutter.plugins.firebase.auth.FlutterFirebaseAuthRegistrar"
83-->[:firebase_auth] AndroidManifest.xml:10:17-124
84                android:value="com.google.firebase.components.ComponentRegistrar" />
84-->[:firebase_auth] AndroidManifest.xml:11:17-82
85            <meta-data
85-->[:firebase_storage] AndroidManifest.xml:9:13-11:85
86                android:name="com.google.firebase.components:io.flutter.plugins.firebase.storage.FlutterFirebaseAppRegistrar"
86-->[:firebase_storage] AndroidManifest.xml:10:17-126
87                android:value="com.google.firebase.components.ComponentRegistrar" />
87-->[:firebase_storage] AndroidManifest.xml:11:17-82
88            <meta-data
88-->[:firebase_messaging] AndroidManifest.xml:34:13-36:85
89                android:name="com.google.firebase.components:io.flutter.plugins.firebase.messaging.FlutterFirebaseAppRegistrar"
89-->[:firebase_messaging] AndroidManifest.xml:35:17-128
90                android:value="com.google.firebase.components.ComponentRegistrar" />
90-->[:firebase_messaging] AndroidManifest.xml:36:17-82
91            <meta-data
91-->[:firebase_core] AndroidManifest.xml:9:13-11:85
92                android:name="com.google.firebase.components:io.flutter.plugins.firebase.core.FlutterFirebaseCoreRegistrar"
92-->[:firebase_core] AndroidManifest.xml:10:17-124
93                android:value="com.google.firebase.components.ComponentRegistrar" />
93-->[:firebase_core] AndroidManifest.xml:11:17-82
94            <meta-data
94-->[com.google.firebase:firebase-messaging:23.0.0] AndroidManifest.xml:52:13-54:85
95                android:name="com.google.firebase.components:com.google.firebase.messaging.FirebaseMessagingRegistrar"
95-->[com.google.firebase:firebase-messaging:23.0.0] AndroidManifest.xml:53:17-119
96                android:value="com.google.firebase.components.ComponentRegistrar" />
96-->[com.google.firebase:firebase-messaging:23.0.0] AndroidManifest.xml:54:17-82
97            <meta-data
97-->[com.google.firebase:firebase-datatransport:18.0.0] AndroidManifest.xml:28:13-30:85
98                android:name="com.google.firebase.components:com.google.firebase.datatransport.TransportRegistrar"
98-->[com.google.firebase:firebase-datatransport:18.0.0] AndroidManifest.xml:29:17-115
99                android:value="com.google.firebase.components.ComponentRegistrar" />
99-->[com.google.firebase:firebase-datatransport:18.0.0] AndroidManifest.xml:30:17-82
100            <meta-data
100-->[com.google.firebase:firebase-auth:21.0.1] AndroidManifest.xml:77:13-79:85
101                android:name="com.google.firebase.components:com.google.firebase.auth.FirebaseAuthRegistrar"
101-->[com.google.firebase:firebase-auth:21.0.1] AndroidManifest.xml:78:17-109
102                android:value="com.google.firebase.components.ComponentRegistrar" />
102-->[com.google.firebase:firebase-auth:21.0.1] AndroidManifest.xml:79:17-82
103            <meta-data
103-->[com.google.firebase:firebase-firestore:24.0.1] AndroidManifest.xml:20:13-22:85
104                android:name="com.google.firebase.components:com.google.firebase.firestore.FirestoreRegistrar"
104-->[com.google.firebase:firebase-firestore:24.0.1] AndroidManifest.xml:21:17-111
105                android:value="com.google.firebase.components.ComponentRegistrar" />
105-->[com.google.firebase:firebase-firestore:24.0.1] AndroidManifest.xml:22:17-82
106            <meta-data
106-->[com.google.firebase:firebase-storage:20.0.0] AndroidManifest.xml:33:13-35:85
107                android:name="com.google.firebase.components:com.google.firebase.storage.StorageRegistrar"
107-->[com.google.firebase:firebase-storage:20.0.0] AndroidManifest.xml:34:17-107
108                android:value="com.google.firebase.components.ComponentRegistrar" />
108-->[com.google.firebase:firebase-storage:20.0.0] AndroidManifest.xml:35:17-82
109            <meta-data
109-->[com.google.android.gms:play-services-measurement-api:20.0.2] AndroidManifest.xml:30:13-32:85
110                android:name="com.google.firebase.components:com.google.firebase.analytics.connector.internal.AnalyticsConnectorRegistrar"
110-->[com.google.android.gms:play-services-measurement-api:20.0.2] AndroidManifest.xml:31:17-139
111                android:value="com.google.firebase.components.ComponentRegistrar" />
111-->[com.google.android.gms:play-services-measurement-api:20.0.2] AndroidManifest.xml:32:17-82
112            <meta-data
112-->[com.google.firebase:firebase-installations:17.0.0] AndroidManifest.xml:18:13-20:85
113                android:name="com.google.firebase.components:com.google.firebase.installations.FirebaseInstallationsRegistrar"
113-->[com.google.firebase:firebase-installations:17.0.0] AndroidManifest.xml:19:17-127
114                android:value="com.google.firebase.components.ComponentRegistrar" />
114-->[com.google.firebase:firebase-installations:17.0.0] AndroidManifest.xml:20:17-82
115        </service>
116        <service
116-->[:firebase_messaging] AndroidManifest.xml:12:9-15:72
117            android:name="io.flutter.plugins.firebase.messaging.FlutterFirebaseMessagingBackgroundService"
117-->[:firebase_messaging] AndroidManifest.xml:13:13-107
118            android:exported="false"
118-->[:firebase_messaging] AndroidManifest.xml:14:13-37
119            android:permission="android.permission.BIND_JOB_SERVICE" />
119-->[:firebase_messaging] AndroidManifest.xml:15:13-69
120        <service
120-->[:firebase_messaging] AndroidManifest.xml:16:9-22:19
121            android:name="io.flutter.plugins.firebase.messaging.FlutterFirebaseMessagingService"
121-->[:firebase_messaging] AndroidManifest.xml:17:13-97
122            android:exported="false" >
122-->[:firebase_messaging] AndroidManifest.xml:18:13-37
123            <intent-filter>
123-->[:firebase_messaging] AndroidManifest.xml:19:13-21:29
124                <action android:name="com.google.firebase.MESSAGING_EVENT" />
124-->[:firebase_messaging] AndroidManifest.xml:20:17-78
124-->[:firebase_messaging] AndroidManifest.xml:20:25-75
125            </intent-filter>
126        </service>
127
128        <receiver
128-->[:firebase_messaging] AndroidManifest.xml:24:9-31:20
129            android:name="io.flutter.plugins.firebase.messaging.FlutterFirebaseMessagingReceiver"
129-->[:firebase_messaging] AndroidManifest.xml:25:13-98
130            android:exported="true"
130-->[:firebase_messaging] AndroidManifest.xml:26:13-36
131            android:permission="com.google.android.c2dm.permission.SEND" >
131-->[:firebase_messaging] AndroidManifest.xml:27:13-73
132            <intent-filter>
132-->[:firebase_messaging] AndroidManifest.xml:28:13-30:29
133                <action android:name="com.google.android.c2dm.intent.RECEIVE" />
133-->[:firebase_messaging] AndroidManifest.xml:29:17-81
133-->[:firebase_messaging] AndroidManifest.xml:29:25-78
134            </intent-filter>
135        </receiver>
136
137        <provider
137-->[:firebase_messaging] AndroidManifest.xml:39:9-43:38
138            android:name="io.flutter.plugins.firebase.messaging.FlutterFirebaseMessagingInitProvider"
138-->[:firebase_messaging] AndroidManifest.xml:40:13-102
139            android:authorities="tech.rumman.adhan.flutterfirebasemessaginginitprovider"
139-->[:firebase_messaging] AndroidManifest.xml:41:13-88
140            android:exported="false"
140-->[:firebase_messaging] AndroidManifest.xml:42:13-37
141            android:initOrder="99" />
141-->[:firebase_messaging] AndroidManifest.xml:43:13-35
142
143        <service
143-->[:geolocator_android] AndroidManifest.xml:10:9-14:56
144            android:name="com.baseflow.geolocator.GeolocatorLocationService"
144-->[:geolocator_android] AndroidManifest.xml:11:13-77
145            android:enabled="true"
145-->[:geolocator_android] AndroidManifest.xml:12:13-35
146            android:exported="false"
146-->[:geolocator_android] AndroidManifest.xml:13:13-37
147            android:foregroundServiceType="location" />
147-->[:geolocator_android] AndroidManifest.xml:14:13-53
148
149        <provider
149-->[:image_picker] AndroidManifest.xml:8:9-16:20
150            android:name="io.flutter.plugins.imagepicker.ImagePickerFileProvider"
150-->[:image_picker] AndroidManifest.xml:9:13-82
151            android:authorities="tech.rumman.adhan.flutter.image_provider"
151-->[:image_picker] AndroidManifest.xml:10:13-74
152            android:exported="false"
152-->[:image_picker] AndroidManifest.xml:11:13-37
153            android:grantUriPermissions="true" >
153-->[:image_picker] AndroidManifest.xml:12:13-47
154            <meta-data
154-->[:image_picker] AndroidManifest.xml:13:13-15:75
155                android:name="android.support.FILE_PROVIDER_PATHS"
155-->[:image_picker] AndroidManifest.xml:14:17-67
156                android:resource="@xml/flutter_image_picker_file_paths" />
156-->[:image_picker] AndroidManifest.xml:15:17-72
157        </provider>
158
159        <receiver android:name="com.dexterous.flutterlocalnotifications.ScheduledNotificationReceiver" />
159-->[:flutter_local_notifications] AndroidManifest.xml:12:9-106
159-->[:flutter_local_notifications] AndroidManifest.xml:12:19-103
160        <receiver android:name="com.dexterous.flutterlocalnotifications.ScheduledNotificationBootReceiver" >
160-->[:flutter_local_notifications] AndroidManifest.xml:13:9-20:20
160-->[:flutter_local_notifications] AndroidManifest.xml:13:19-107
161            <intent-filter>
161-->[:flutter_local_notifications] AndroidManifest.xml:14:13-19:29
162                <action android:name="android.intent.action.BOOT_COMPLETED" />
162-->[:flutter_local_notifications] AndroidManifest.xml:15:17-79
162-->[:flutter_local_notifications] AndroidManifest.xml:15:25-76
163                <action android:name="android.intent.action.MY_PACKAGE_REPLACED" />
163-->[:flutter_local_notifications] AndroidManifest.xml:16:17-84
163-->[:flutter_local_notifications] AndroidManifest.xml:16:25-81
164                <action android:name="android.intent.action.QUICKBOOT_POWERON" />
164-->[:flutter_local_notifications] AndroidManifest.xml:17:17-82
164-->[:flutter_local_notifications] AndroidManifest.xml:17:25-79
165                <action android:name="com.htc.intent.action.QUICKBOOT_POWERON" />
165-->[:flutter_local_notifications] AndroidManifest.xml:18:17-82
165-->[:flutter_local_notifications] AndroidManifest.xml:18:25-79
166            </intent-filter>
167        </receiver>
168
169        <activity
169-->[:url_launcher_android] AndroidManifest.xml:8:9-11:74
170            android:name="io.flutter.plugins.urllauncher.WebViewActivity"
170-->[:url_launcher_android] AndroidManifest.xml:9:13-74
171            android:exported="false"
171-->[:url_launcher_android] AndroidManifest.xml:10:13-37
172            android:theme="@android:style/Theme.NoTitleBar.Fullscreen" />
172-->[:url_launcher_android] AndroidManifest.xml:11:13-71
173
174        <receiver
174-->[com.google.firebase:firebase-messaging:23.0.0] AndroidManifest.xml:28:9-35:20
175            android:name="com.google.firebase.iid.FirebaseInstanceIdReceiver"
175-->[com.google.firebase:firebase-messaging:23.0.0] AndroidManifest.xml:29:13-78
176            android:exported="true"
176-->[com.google.firebase:firebase-messaging:23.0.0] AndroidManifest.xml:30:13-36
177            android:permission="com.google.android.c2dm.permission.SEND" >
177-->[com.google.firebase:firebase-messaging:23.0.0] AndroidManifest.xml:31:13-73
178            <intent-filter>
178-->[:firebase_messaging] AndroidManifest.xml:28:13-30:29
179                <action android:name="com.google.android.c2dm.intent.RECEIVE" />
179-->[:firebase_messaging] AndroidManifest.xml:29:17-81
179-->[:firebase_messaging] AndroidManifest.xml:29:25-78
180            </intent-filter>
181        </receiver>
182        <!--
183             FirebaseMessagingService performs security checks at runtime,
184             but set to not exported to explicitly avoid allowing another app to call it.
185        -->
186        <service
186-->[com.google.firebase:firebase-messaging:23.0.0] AndroidManifest.xml:41:9-48:19
187            android:name="com.google.firebase.messaging.FirebaseMessagingService"
187-->[com.google.firebase:firebase-messaging:23.0.0] AndroidManifest.xml:42:13-82
188            android:directBootAware="true"
188-->[com.google.firebase:firebase-messaging:23.0.0] AndroidManifest.xml:43:13-43
189            android:exported="false" >
189-->[com.google.firebase:firebase-messaging:23.0.0] AndroidManifest.xml:44:13-37
190            <intent-filter android:priority="-500" >
190-->[:firebase_messaging] AndroidManifest.xml:19:13-21:29
191                <action android:name="com.google.firebase.MESSAGING_EVENT" />
191-->[:firebase_messaging] AndroidManifest.xml:20:17-78
191-->[:firebase_messaging] AndroidManifest.xml:20:25-75
192            </intent-filter>
193        </service>
194        <service
194-->[com.google.android.datatransport:transport-backend-cct:3.0.0] AndroidManifest.xml:29:9-35:19
195            android:name="com.google.android.datatransport.runtime.backends.TransportBackendDiscovery"
195-->[com.google.android.datatransport:transport-backend-cct:3.0.0] AndroidManifest.xml:30:13-103
196            android:exported="false" >
196-->[com.google.android.datatransport:transport-backend-cct:3.0.0] AndroidManifest.xml:31:13-37
197            <meta-data
197-->[com.google.android.datatransport:transport-backend-cct:3.0.0] AndroidManifest.xml:32:13-34:39
198                android:name="backend:com.google.android.datatransport.cct.CctBackendFactory"
198-->[com.google.android.datatransport:transport-backend-cct:3.0.0] AndroidManifest.xml:33:17-94
199                android:value="cct" />
199-->[com.google.android.datatransport:transport-backend-cct:3.0.0] AndroidManifest.xml:34:17-36
200        </service>
201
202        <activity
202-->[com.google.firebase:firebase-auth:21.0.1] AndroidManifest.xml:27:9-44:20
203            android:name="com.google.firebase.auth.internal.GenericIdpActivity"
203-->[com.google.firebase:firebase-auth:21.0.1] AndroidManifest.xml:28:13-80
204            android:excludeFromRecents="true"
204-->[com.google.firebase:firebase-auth:21.0.1] AndroidManifest.xml:29:13-46
205            android:exported="true"
205-->[com.google.firebase:firebase-auth:21.0.1] AndroidManifest.xml:30:13-36
206            android:launchMode="singleTask"
206-->[com.google.firebase:firebase-auth:21.0.1] AndroidManifest.xml:31:13-44
207            android:theme="@android:style/Theme.Translucent.NoTitleBar" >
207-->[com.google.firebase:firebase-auth:21.0.1] AndroidManifest.xml:32:13-72
208            <intent-filter>
208-->[com.google.firebase:firebase-auth:21.0.1] AndroidManifest.xml:33:13-43:29
209                <action android:name="android.intent.action.VIEW" />
209-->[com.google.firebase:firebase-auth:21.0.1] AndroidManifest.xml:34:17-69
209-->[com.google.firebase:firebase-auth:21.0.1] AndroidManifest.xml:34:25-66
210
211                <category android:name="android.intent.category.DEFAULT" />
211-->[com.google.firebase:firebase-auth:21.0.1] AndroidManifest.xml:36:17-76
211-->[com.google.firebase:firebase-auth:21.0.1] AndroidManifest.xml:36:27-73
212                <category android:name="android.intent.category.BROWSABLE" />
212-->[com.google.firebase:firebase-auth:21.0.1] AndroidManifest.xml:37:17-78
212-->[com.google.firebase:firebase-auth:21.0.1] AndroidManifest.xml:37:27-75
213
214                <data
214-->[com.google.firebase:firebase-auth:21.0.1] AndroidManifest.xml:39:17-42:51
215                    android:host="firebase.auth"
215-->[com.google.firebase:firebase-auth:21.0.1] AndroidManifest.xml:40:21-49
216                    android:path="/"
216-->[com.google.firebase:firebase-auth:21.0.1] AndroidManifest.xml:41:21-37
217                    android:scheme="genericidp" />
217-->[com.google.firebase:firebase-auth:21.0.1] AndroidManifest.xml:42:21-48
218            </intent-filter>
219        </activity>
220        <activity
220-->[com.google.firebase:firebase-auth:21.0.1] AndroidManifest.xml:45:9-62:20
221            android:name="com.google.firebase.auth.internal.RecaptchaActivity"
221-->[com.google.firebase:firebase-auth:21.0.1] AndroidManifest.xml:46:13-79
222            android:excludeFromRecents="true"
222-->[com.google.firebase:firebase-auth:21.0.1] AndroidManifest.xml:47:13-46
223            android:exported="true"
223-->[com.google.firebase:firebase-auth:21.0.1] AndroidManifest.xml:48:13-36
224            android:launchMode="singleTask"
224-->[com.google.firebase:firebase-auth:21.0.1] AndroidManifest.xml:49:13-44
225            android:theme="@android:style/Theme.Translucent.NoTitleBar" >
225-->[com.google.firebase:firebase-auth:21.0.1] AndroidManifest.xml:50:13-72
226            <intent-filter>
226-->[com.google.firebase:firebase-auth:21.0.1] AndroidManifest.xml:51:13-61:29
227                <action android:name="android.intent.action.VIEW" />
227-->[com.google.firebase:firebase-auth:21.0.1] AndroidManifest.xml:34:17-69
227-->[com.google.firebase:firebase-auth:21.0.1] AndroidManifest.xml:34:25-66
228
229                <category android:name="android.intent.category.DEFAULT" />
229-->[com.google.firebase:firebase-auth:21.0.1] AndroidManifest.xml:36:17-76
229-->[com.google.firebase:firebase-auth:21.0.1] AndroidManifest.xml:36:27-73
230                <category android:name="android.intent.category.BROWSABLE" />
230-->[com.google.firebase:firebase-auth:21.0.1] AndroidManifest.xml:37:17-78
230-->[com.google.firebase:firebase-auth:21.0.1] AndroidManifest.xml:37:27-75
231
232                <data
232-->[com.google.firebase:firebase-auth:21.0.1] AndroidManifest.xml:39:17-42:51
233                    android:host="firebase.auth"
233-->[com.google.firebase:firebase-auth:21.0.1] AndroidManifest.xml:40:21-49
234                    android:path="/"
234-->[com.google.firebase:firebase-auth:21.0.1] AndroidManifest.xml:41:21-37
235                    android:scheme="recaptcha" />
235-->[com.google.firebase:firebase-auth:21.0.1] AndroidManifest.xml:42:21-48
236            </intent-filter>
237        </activity>
238
239        <service
239-->[com.google.firebase:firebase-auth:21.0.1] AndroidManifest.xml:64:9-73:19
240            android:name="com.google.firebase.auth.api.fallback.service.FirebaseAuthFallbackService"
240-->[com.google.firebase:firebase-auth:21.0.1] AndroidManifest.xml:65:13-101
241            android:enabled="true"
241-->[com.google.firebase:firebase-auth:21.0.1] AndroidManifest.xml:66:13-35
242            android:exported="false" >
242-->[com.google.firebase:firebase-auth:21.0.1] AndroidManifest.xml:67:13-37
243            <intent-filter>
243-->[com.google.firebase:firebase-auth:21.0.1] AndroidManifest.xml:68:13-72:29
244                <action android:name="com.google.firebase.auth.api.gms.service.START" />
244-->[com.google.firebase:firebase-auth:21.0.1] AndroidManifest.xml:69:17-89
244-->[com.google.firebase:firebase-auth:21.0.1] AndroidManifest.xml:69:25-86
245
246                <category android:name="android.intent.category.DEFAULT" />
246-->[com.google.firebase:firebase-auth:21.0.1] AndroidManifest.xml:36:17-76
246-->[com.google.firebase:firebase-auth:21.0.1] AndroidManifest.xml:36:27-73
247            </intent-filter>
248        </service>
249
250        <provider
250-->[com.google.firebase:firebase-common:20.0.0] AndroidManifest.xml:26:9-31:39
251            android:name="com.google.firebase.provider.FirebaseInitProvider"
251-->[com.google.firebase:firebase-common:20.0.0] AndroidManifest.xml:27:13-77
252            android:authorities="tech.rumman.adhan.firebaseinitprovider"
252-->[com.google.firebase:firebase-common:20.0.0] AndroidManifest.xml:28:13-72
253            android:directBootAware="true"
253-->[com.google.firebase:firebase-common:20.0.0] AndroidManifest.xml:29:13-43
254            android:exported="false"
254-->[com.google.firebase:firebase-common:20.0.0] AndroidManifest.xml:30:13-37
255            android:initOrder="100" />
255-->[com.google.firebase:firebase-common:20.0.0] AndroidManifest.xml:31:13-36
256
257        <activity
257-->[com.google.android.gms:play-services-base:17.1.0] AndroidManifest.xml:23:9-26:75
258            android:name="com.google.android.gms.common.api.GoogleApiActivity"
258-->[com.google.android.gms:play-services-base:17.1.0] AndroidManifest.xml:24:13-79
259            android:exported="false"
259-->[com.google.android.gms:play-services-base:17.1.0] AndroidManifest.xml:25:13-37
260            android:theme="@android:style/Theme.Translucent.NoTitleBar" />
260-->[com.google.android.gms:play-services-base:17.1.0] AndroidManifest.xml:26:13-72
261
262        <receiver
262-->[com.google.android.gms:play-services-measurement:20.0.2] AndroidManifest.xml:29:9-33:20
263            android:name="com.google.android.gms.measurement.AppMeasurementReceiver"
263-->[com.google.android.gms:play-services-measurement:20.0.2] AndroidManifest.xml:30:13-85
264            android:enabled="true"
264-->[com.google.android.gms:play-services-measurement:20.0.2] AndroidManifest.xml:31:13-35
265            android:exported="false" >
265-->[com.google.android.gms:play-services-measurement:20.0.2] AndroidManifest.xml:32:13-37
266        </receiver>
267
268        <service
268-->[com.google.android.gms:play-services-measurement:20.0.2] AndroidManifest.xml:35:9-38:40
269            android:name="com.google.android.gms.measurement.AppMeasurementService"
269-->[com.google.android.gms:play-services-measurement:20.0.2] AndroidManifest.xml:36:13-84
270            android:enabled="true"
270-->[com.google.android.gms:play-services-measurement:20.0.2] AndroidManifest.xml:37:13-35
271            android:exported="false" />
271-->[com.google.android.gms:play-services-measurement:20.0.2] AndroidManifest.xml:38:13-37
272        <service
272-->[com.google.android.gms:play-services-measurement:20.0.2] AndroidManifest.xml:39:9-43:72
273            android:name="com.google.android.gms.measurement.AppMeasurementJobService"
273-->[com.google.android.gms:play-services-measurement:20.0.2] AndroidManifest.xml:40:13-87
274            android:enabled="true"
274-->[com.google.android.gms:play-services-measurement:20.0.2] AndroidManifest.xml:41:13-35
275            android:exported="false"